<?xml version="1.0" encoding="UTF-8"?>
<!-- Generated by org.testng.reporters.JUnitXMLReporter -->
<testsuite ignored="0" hostname="DESKTOP-OJKSNOG" failures="0" tests="10" name="Default test" time="16.502" errors="0" timestamp="2024-12-27T02:43:15 IST">
  <testcase classname="com.CapstoneTelecom.TelecomProject" name="addNewUser" time="4.277"/>
  <testcase classname="com.CapstoneTelecom.TelecomProject" name="getUser" time="1.351"/>
  <testcase classname="com.CapstoneTelecom.TelecomProject" name="updateUser" time="1.373"/>
  <testcase classname="com.CapstoneTelecom.TelecomProject" name="loginUser" time="1.442"/>
  <testcase classname="com.CapstoneTelecom.TelecomProject" name="addContact" time="1.399"/>
  <testcase classname="com.CapstoneTelecom.TelecomProject" name="getContactList" time="1.33"/>
  <testcase classname="com.CapstoneTelecom.TelecomProject" name="getContact" time="1.308"/>
  <testcase classname="com.CapstoneTelecom.TelecomProject" name="updateContact" time="1.295"/>
  <testcase classname="com.CapstoneTelecom.TelecomProject" name="partialUpdateContact" time="1.34"/>
  <testcase classname="com.CapstoneTelecom.TelecomProject" name="logOutUser" time="1.312"/>
</testsuite> <!-- Default test -->
