<?xml version="1.0" encoding="UTF-8"?>
<!-- Generated by org.testng.reporters.JUnitXMLReporter -->
<testsuite ignored="0" hostname="DESKTOP-OJKSNOG" failures="0" tests="10" name="my test" time="15.137" errors="0" timestamp="2024-12-27T02:56:28 IST">
  <testcase classname="com.CapstoneTelecom.TelecomProject" name="addNewUser" time="4.267"/>
  <testcase classname="com.CapstoneTelecom.TelecomProject" name="getUser" time="1.158"/>
  <testcase classname="com.CapstoneTelecom.TelecomProject" name="updateUser" time="1.2"/>
  <testcase classname="com.CapstoneTelecom.TelecomProject" name="loginUser" time="1.263"/>
  <testcase classname="com.CapstoneTelecom.TelecomProject" name="addContact" time="1.215"/>
  <testcase classname="com.CapstoneTelecom.TelecomProject" name="getContactList" time="1.132"/>
  <testcase classname="com.CapstoneTelecom.TelecomProject" name="getContact" time="1.161"/>
  <testcase classname="com.CapstoneTelecom.TelecomProject" name="updateContact" time="1.216"/>
  <testcase classname="com.CapstoneTelecom.TelecomProject" name="partialUpdateContact" time="1.293"/>
  <testcase classname="com.CapstoneTelecom.TelecomProject" name="logOutUser" time="1.168"/>
</testsuite> <!-- my test -->
